
# explain 
参考:https://www.jianshu.com/p/8fab76bbf448
https://blog.csdn.net/weixin_38004638/article/details/103300300

    explain SELECT * FROM jydb.mf_fundmanagernew WHERE InnerCode in (SELECT InnerCode FROM jydb.mf_fundarchives WHERE SecurityCode = '180020');
    +----+-------------+-------------------+------------+------+----------------------+----------------------+---------+--------------------------------+------+----------+-------------+
    | id | select_type | table             | partitions | type | possible_keys        | key                  | key_len | ref                            | rows | filtered | Extra       |
    +----+-------------+-------------------+------------+------+----------------------+----------------------+---------+--------------------------------+------+----------+-------------+
    |  1 | SIMPLE      | mf_fundarchives   | NULL       | ALL  | IX_MF_FundArchives   | NULL                 | NULL    | NULL                           | 9446 |    10.00 | Using where |
    |  1 | SIMPLE      | mf_fundmanagernew | NULL       | ref  | IX_MF_FundManagerNew | IX_MF_FundManagerNew | 4       | jydb.mf_fundarchives.InnerCode |    1 |   100.00 | NULL        |
    +----+-------------+-------------------+------------+------+----------------------+----------------------+---------+--------------------------------+------+----------+-------------+


字段|含义
-|-
id|查询序号,id列数字越大越先执行，如果说数字一样大，那么就从上往下依次执行
select_type| 查询类型
table|表名
partitions|匹配的分区,分区表命中的分区情况
type| join类型
prossible_keys|可能会选择的索引
key|实际选择的索引
key_len|索引的长度字节数,如果是单列索引，那就整个索引长度算进去，如果是多列索引，那么查询不一定都能使用到所有的列，用多少算多少。留意下这个列的值，算一下你的多列索引总长度就知道有没有使用到所有的列了
ref|与索引作比较的列
rows|要检索的行数(估算值)
filtered|查询条件过滤的行数的百分比
Extra|额外信息

## select_type
select_type|类型说明
-|-
SIMPLE|简单SELECT(不使用UNION或子查询)
PRIMARY|最外层的SELECT
UNION|UNION中第二个或之后的SELECT语句
DEPENDENT UNION	| UNION中第二个或之后的SELECT语句取决于外面的查询
UNION RESULT|UNION的结果
SUBQUERY|子查询中的第一个SELECT
DEPENDENT SUBQUERY|子查询中的第一个SELECT, 取决于外面的查询
DERIVED|衍生表(FROM子句中的子查询)
MATERIALIZED|物化子查询
UNCACHEABLE SUBQUERY|结果集无法缓存的子查询，必须重新评估外部查询的每一行
UNCACHEABLE UNION|UNION中第二个或之后的SELECT，属于无法缓存的子查询

## table
table|类型说明
-|-
< unionM,N>|引用id为M和N UNION后的结果。
< derivedN>|引用id为N的结果派生出的表。派生表可以是一个结果集，例如派生自FROM中子查询的结果。
< subqueryN>|引用id为N的子查询结果物化得到的表。即生成一个临时表保存子查询的结果。
---
# explain analyze
    explain analyze SELECT * FROM jydb.mf_fundmanagernew WHERE InnerCode in (SELECT InnerCode FROM jydb.mf_fundarchives WHERE SecurityCode = '180020');
    
    | -> Nested loop inner join  (cost=2252.48 rows=1554) (actual time=2.355..34.573 rows=2 loops=1)
        -> Filter: (mf_fundarchives.SecurityCode = '180020')  (cost=1593.85 rows=945) (actual time=2.310..34.521 rows=1 loops=1)
            -> Table scan on mf_fundarchives  (cost=1593.85 rows=9446) (actual time=0.067..31.063 rows=12295 loops=1)
        -> Index lookup on mf_fundmanagernew using IX_MF_FundManagerNew (InnerCode=mf_fundarchives.InnerCode)  (cost=0.53 rows=2) (actual time=0.041..0.046 rows=2 loops=1)
    
